mode: set
github.com/eneskzlcn/currency-conversion-service/seed/seed.go:19.54,22.2 2 1
github.com/eneskzlcn/currency-conversion-service/seed/seed.go:24.51,27.2 2 1
github.com/eneskzlcn/currency-conversion-service/postgres/mock_postgres.go:8.51,10.16 2 0
github.com/eneskzlcn/currency-conversion-service/postgres/mock_postgres.go:13.2,13.17 1 0
github.com/eneskzlcn/currency-conversion-service/postgres/mock_postgres.go:10.16,12.3 1 0
github.com/eneskzlcn/currency-conversion-service/postgres/postgres.go:12.45,14.16 2 0
github.com/eneskzlcn/currency-conversion-service/postgres/postgres.go:17.2,17.33 1 0
github.com/eneskzlcn/currency-conversion-service/postgres/postgres.go:20.2,20.16 1 0
github.com/eneskzlcn/currency-conversion-service/postgres/postgres.go:14.16,16.3 1 0
github.com/eneskzlcn/currency-conversion-service/postgres/postgres.go:17.33,19.3 1 0
github.com/eneskzlcn/currency-conversion-service/postgres/postgres.go:23.41,26.2 1 0
github.com/eneskzlcn/currency-conversion-service/app/exchange/dto.go:15.99,24.2 1 1
github.com/eneskzlcn/currency-conversion-service/app/exchange/dto.go:25.51,27.2 1 1
github.com/eneskzlcn/currency-conversion-service/app/exchange/dto.go:28.60,30.2 1 1
github.com/eneskzlcn/currency-conversion-service/app/exchange/dto.go:31.58,33.2 1 1
github.com/eneskzlcn/currency-conversion-service/app/exchange/dto.go:34.61,36.2 1 1
github.com/eneskzlcn/currency-conversion-service/app/exchange/dto.go:37.65,39.2 1 1
github.com/eneskzlcn/currency-conversion-service/app/exchange/dto.go:40.61,42.2 1 1
github.com/eneskzlcn/currency-conversion-service/app/exchange/http_handler.go:24.95,26.2 1 1
github.com/eneskzlcn/currency-conversion-service/app/exchange/http_handler.go:42.66,45.13 3 1
github.com/eneskzlcn/currency-conversion-service/app/exchange/http_handler.go:48.2,49.49 2 1
github.com/eneskzlcn/currency-conversion-service/app/exchange/http_handler.go:52.2,53.16 2 1
github.com/eneskzlcn/currency-conversion-service/app/exchange/http_handler.go:56.2,56.59 1 1
github.com/eneskzlcn/currency-conversion-service/app/exchange/http_handler.go:45.13,47.3 1 1
github.com/eneskzlcn/currency-conversion-service/app/exchange/http_handler.go:49.49,51.3 1 0
github.com/eneskzlcn/currency-conversion-service/app/exchange/http_handler.go:53.16,55.3 1 1
github.com/eneskzlcn/currency-conversion-service/app/exchange/http_handler.go:59.54,62.2 2 1
github.com/eneskzlcn/currency-conversion-service/app/exchange/postgres_repository.go:15.87,17.2 1 1
github.com/eneskzlcn/currency-conversion-service/app/exchange/postgres_repository.go:18.99,24.2 5 1
github.com/eneskzlcn/currency-conversion-service/app/exchange/postgres_repository.go:26.73,40.16 5 1
github.com/eneskzlcn/currency-conversion-service/app/exchange/postgres_repository.go:43.2,43.22 1 1
github.com/eneskzlcn/currency-conversion-service/app/exchange/postgres_repository.go:40.16,42.3 1 1
github.com/eneskzlcn/currency-conversion-service/app/exchange/postgres_repository.go:45.120,56.2 5 1
github.com/eneskzlcn/currency-conversion-service/app/exchange/service.go:21.76,23.2 1 1
github.com/eneskzlcn/currency-conversion-service/app/exchange/service.go:24.136,25.65 1 1
github.com/eneskzlcn/currency-conversion-service/app/exchange/service.go:29.2,31.16 2 1
github.com/eneskzlcn/currency-conversion-service/app/exchange/service.go:35.2,36.16 2 1
github.com/eneskzlcn/currency-conversion-service/app/exchange/service.go:39.2,39.83 1 1
github.com/eneskzlcn/currency-conversion-service/app/exchange/service.go:25.65,28.3 2 1
github.com/eneskzlcn/currency-conversion-service/app/exchange/service.go:31.16,34.3 2 1
github.com/eneskzlcn/currency-conversion-service/app/exchange/service.go:36.16,38.3 1 0
github.com/eneskzlcn/currency-conversion-service/app/exchange/service.go:41.100,43.16 2 1
github.com/eneskzlcn/currency-conversion-service/app/exchange/service.go:46.2,46.13 1 1
github.com/eneskzlcn/currency-conversion-service/app/exchange/service.go:49.2,50.16 2 1
github.com/eneskzlcn/currency-conversion-service/app/exchange/service.go:53.2,53.13 1 1
github.com/eneskzlcn/currency-conversion-service/app/exchange/service.go:56.2,56.12 1 1
github.com/eneskzlcn/currency-conversion-service/app/exchange/service.go:43.16,45.3 1 0
github.com/eneskzlcn/currency-conversion-service/app/exchange/service.go:46.13,48.3 1 1
github.com/eneskzlcn/currency-conversion-service/app/exchange/service.go:50.16,52.3 1 0
github.com/eneskzlcn/currency-conversion-service/app/exchange/service.go:53.13,55.3 1 1
github.com/eneskzlcn/currency-conversion-service/app/exchange/service.go:58.134,66.2 5 1
github.com/eneskzlcn/currency-conversion-service/app/conversion/http_handler.go:24.95,26.2 1 1
github.com/eneskzlcn/currency-conversion-service/app/conversion/http_handler.go:42.69,45.13 3 1
github.com/eneskzlcn/currency-conversion-service/app/conversion/http_handler.go:48.2,49.54 2 1
github.com/eneskzlcn/currency-conversion-service/app/conversion/http_handler.go:53.2,55.28 2 1
github.com/eneskzlcn/currency-conversion-service/app/conversion/http_handler.go:59.2,59.83 1 1
github.com/eneskzlcn/currency-conversion-service/app/conversion/http_handler.go:45.13,47.3 1 1
github.com/eneskzlcn/currency-conversion-service/app/conversion/http_handler.go:49.54,52.3 2 1
github.com/eneskzlcn/currency-conversion-service/app/conversion/http_handler.go:55.28,58.3 2 1
github.com/eneskzlcn/currency-conversion-service/app/conversion/http_handler.go:61.54,64.2 2 1
github.com/eneskzlcn/currency-conversion-service/app/conversion/postgres_repository.go:16.87,18.2 1 1
github.com/eneskzlcn/currency-conversion-service/app/conversion/postgres_repository.go:21.64,37.2 5 1
github.com/eneskzlcn/currency-conversion-service/app/conversion/postgres_repository.go:39.69,58.2 6 1
github.com/eneskzlcn/currency-conversion-service/app/conversion/rabbitmq_producer.go:17.91,19.2 1 0
github.com/eneskzlcn/currency-conversion-service/app/conversion/rabbitmq_producer.go:20.105,22.2 1 0
github.com/eneskzlcn/currency-conversion-service/app/conversion/service.go:34.46,35.26 1 1
github.com/eneskzlcn/currency-conversion-service/app/conversion/service.go:38.2,44.3 1 1
github.com/eneskzlcn/currency-conversion-service/app/conversion/service.go:35.26,37.3 1 0
github.com/eneskzlcn/currency-conversion-service/app/conversion/service.go:46.124,49.16 2 1
github.com/eneskzlcn/currency-conversion-service/app/conversion/service.go:53.2,53.74 1 1
github.com/eneskzlcn/currency-conversion-service/app/conversion/service.go:57.2,59.16 2 1
github.com/eneskzlcn/currency-conversion-service/app/conversion/service.go:63.2,63.29 1 1
github.com/eneskzlcn/currency-conversion-service/app/conversion/service.go:67.2,74.16 2 1
github.com/eneskzlcn/currency-conversion-service/app/conversion/service.go:78.2,85.16 2 0
github.com/eneskzlcn/currency-conversion-service/app/conversion/service.go:89.2,89.18 1 0
github.com/eneskzlcn/currency-conversion-service/app/conversion/service.go:49.16,52.3 2 1
github.com/eneskzlcn/currency-conversion-service/app/conversion/service.go:53.74,56.3 2 1
github.com/eneskzlcn/currency-conversion-service/app/conversion/service.go:59.16,62.3 2 1
github.com/eneskzlcn/currency-conversion-service/app/conversion/service.go:63.29,66.3 2 0
github.com/eneskzlcn/currency-conversion-service/app/conversion/service.go:74.16,77.3 2 0
github.com/eneskzlcn/currency-conversion-service/app/conversion/service.go:85.16,88.3 2 0
github.com/eneskzlcn/currency-conversion-service/app/conversion/service.go:92.78,94.2 1 1
github.com/eneskzlcn/currency-conversion-service/app/conversion/service.go:95.149,98.16 2 1
github.com/eneskzlcn/currency-conversion-service/app/conversion/service.go:102.2,102.107 1 1
github.com/eneskzlcn/currency-conversion-service/app/conversion/service.go:105.2,105.18 1 1
github.com/eneskzlcn/currency-conversion-service/app/conversion/service.go:98.16,100.3 1 0
github.com/eneskzlcn/currency-conversion-service/app/conversion/service.go:102.107,104.3 1 1
github.com/eneskzlcn/currency-conversion-service/app/conversion/user_balance_adequacy_policy.go:8.64,10.2 1 1
github.com/eneskzlcn/currency-conversion-service/app/conversion/user_balance_adequacy_policy.go:11.93,12.37 1 1
github.com/eneskzlcn/currency-conversion-service/app/conversion/user_balance_adequacy_policy.go:15.2,15.12 1 1
github.com/eneskzlcn/currency-conversion-service/app/conversion/user_balance_adequacy_policy.go:12.37,14.3 1 1
github.com/eneskzlcn/currency-conversion-service/app/conversion/dto.go:7.82,9.2 1 1
github.com/eneskzlcn/currency-conversion-service/app/conversion/dto.go:10.60,12.2 1 1
github.com/eneskzlcn/currency-conversion-service/app/conversion/dto.go:22.175,26.2 1 1
github.com/eneskzlcn/currency-conversion-service/app/conversion/dto.go:28.67,30.2 1 1
github.com/eneskzlcn/currency-conversion-service/app/conversion/dto.go:32.69,34.2 1 1
github.com/eneskzlcn/currency-conversion-service/app/conversion/dto.go:36.47,38.2 1 1
github.com/eneskzlcn/currency-conversion-service/app/conversion/dto.go:40.56,42.2 1 1
github.com/eneskzlcn/currency-conversion-service/app/conversion/dto.go:44.54,46.2 1 1
github.com/eneskzlcn/currency-conversion-service/app/wallet/http_handler.go:25.95,31.2 1 1
github.com/eneskzlcn/currency-conversion-service/app/wallet/http_handler.go:46.67,49.13 3 1
github.com/eneskzlcn/currency-conversion-service/app/wallet/http_handler.go:52.2,53.16 2 1
github.com/eneskzlcn/currency-conversion-service/app/wallet/http_handler.go:56.2,56.60 1 1
github.com/eneskzlcn/currency-conversion-service/app/wallet/http_handler.go:49.13,51.3 1 1
github.com/eneskzlcn/currency-conversion-service/app/wallet/http_handler.go:53.16,55.3 1 1
github.com/eneskzlcn/currency-conversion-service/app/wallet/http_handler.go:58.54,60.2 1 1
github.com/eneskzlcn/currency-conversion-service/app/wallet/postgres_repository.go:16.87,18.2 1 1
github.com/eneskzlcn/currency-conversion-service/app/wallet/postgres_repository.go:20.100,24.42 4 1
github.com/eneskzlcn/currency-conversion-service/app/wallet/postgres_repository.go:27.2,27.20 1 1
github.com/eneskzlcn/currency-conversion-service/app/wallet/postgres_repository.go:24.42,26.3 1 0
github.com/eneskzlcn/currency-conversion-service/app/wallet/postgres_repository.go:30.113,36.16 3 1
github.com/eneskzlcn/currency-conversion-service/app/wallet/postgres_repository.go:39.2,41.18 3 1
github.com/eneskzlcn/currency-conversion-service/app/wallet/postgres_repository.go:54.2,54.36 1 1
github.com/eneskzlcn/currency-conversion-service/app/wallet/postgres_repository.go:57.2,57.34 1 1
github.com/eneskzlcn/currency-conversion-service/app/wallet/postgres_repository.go:60.2,60.25 1 1
github.com/eneskzlcn/currency-conversion-service/app/wallet/postgres_repository.go:36.16,38.3 1 0
github.com/eneskzlcn/currency-conversion-service/app/wallet/postgres_repository.go:41.18,49.17 3 1
github.com/eneskzlcn/currency-conversion-service/app/wallet/postgres_repository.go:52.3,52.44 1 1
github.com/eneskzlcn/currency-conversion-service/app/wallet/postgres_repository.go:49.17,51.4 1 0
github.com/eneskzlcn/currency-conversion-service/app/wallet/postgres_repository.go:54.36,56.3 1 0
github.com/eneskzlcn/currency-conversion-service/app/wallet/postgres_repository.go:57.34,59.3 1 0
github.com/eneskzlcn/currency-conversion-service/app/wallet/postgres_repository.go:63.127,67.43 4 1
github.com/eneskzlcn/currency-conversion-service/app/wallet/postgres_repository.go:70.2,70.21 1 1
github.com/eneskzlcn/currency-conversion-service/app/wallet/postgres_repository.go:67.43,69.3 1 1
github.com/eneskzlcn/currency-conversion-service/app/wallet/postgres_repository.go:72.144,73.23 1 0
github.com/eneskzlcn/currency-conversion-service/app/wallet/postgres_repository.go:77.50,79.16 2 1
github.com/eneskzlcn/currency-conversion-service/app/wallet/postgres_repository.go:82.2,83.65 1 1
github.com/eneskzlcn/currency-conversion-service/app/wallet/postgres_repository.go:86.2,87.65 1 1
github.com/eneskzlcn/currency-conversion-service/app/wallet/postgres_repository.go:90.2,90.20 1 1
github.com/eneskzlcn/currency-conversion-service/app/wallet/postgres_repository.go:79.16,81.3 1 1
github.com/eneskzlcn/currency-conversion-service/app/wallet/postgres_repository.go:83.65,85.3 1 1
github.com/eneskzlcn/currency-conversion-service/app/wallet/postgres_repository.go:87.65,89.3 1 1
github.com/eneskzlcn/currency-conversion-service/app/wallet/postgres_repository.go:93.148,100.16 3 1
github.com/eneskzlcn/currency-conversion-service/app/wallet/postgres_repository.go:106.2,106.12 1 1
github.com/eneskzlcn/currency-conversion-service/app/wallet/postgres_repository.go:100.16,101.55 1 1
github.com/eneskzlcn/currency-conversion-service/app/wallet/postgres_repository.go:104.3,104.46 1 1
github.com/eneskzlcn/currency-conversion-service/app/wallet/postgres_repository.go:101.55,103.4 1 1
github.com/eneskzlcn/currency-conversion-service/app/wallet/rabbitmq_consumer.go:27.61,30.2 1 0
github.com/eneskzlcn/currency-conversion-service/app/wallet/rabbitmq_consumer.go:32.60,36.46 4 0
github.com/eneskzlcn/currency-conversion-service/app/wallet/rabbitmq_consumer.go:48.2,48.11 1 0
github.com/eneskzlcn/currency-conversion-service/app/wallet/rabbitmq_consumer.go:36.46,39.81 3 0
github.com/eneskzlcn/currency-conversion-service/app/wallet/rabbitmq_consumer.go:43.3,44.17 2 0
github.com/eneskzlcn/currency-conversion-service/app/wallet/rabbitmq_consumer.go:39.81,41.12 2 0
github.com/eneskzlcn/currency-conversion-service/app/wallet/rabbitmq_consumer.go:44.17,46.4 1 0
github.com/eneskzlcn/currency-conversion-service/app/wallet/service.go:23.76,25.2 1 1
github.com/eneskzlcn/currency-conversion-service/app/wallet/service.go:27.110,29.16 2 1
github.com/eneskzlcn/currency-conversion-service/app/wallet/service.go:32.2,32.13 1 1
github.com/eneskzlcn/currency-conversion-service/app/wallet/service.go:35.2,37.16 2 1
github.com/eneskzlcn/currency-conversion-service/app/wallet/service.go:40.2,41.40 2 1
github.com/eneskzlcn/currency-conversion-service/app/wallet/service.go:29.16,31.3 1 0
github.com/eneskzlcn/currency-conversion-service/app/wallet/service.go:32.13,34.3 1 1
github.com/eneskzlcn/currency-conversion-service/app/wallet/service.go:37.16,39.3 1 0
github.com/eneskzlcn/currency-conversion-service/app/wallet/service.go:45.36,47.2 1 1
github.com/eneskzlcn/currency-conversion-service/app/wallet/service.go:49.119,52.2 2 1
github.com/eneskzlcn/currency-conversion-service/app/wallet/wallet.go:13.106,15.41 2 1
github.com/eneskzlcn/currency-conversion-service/app/wallet/wallet.go:22.2,22.17 1 1
github.com/eneskzlcn/currency-conversion-service/app/wallet/wallet.go:15.41,21.3 2 1
github.com/eneskzlcn/currency-conversion-service/app/wallet/dto.go:13.60,15.2 1 1
github.com/eneskzlcn/currency-conversion-service/app/wallet/dto.go:17.69,19.2 1 1
github.com/eneskzlcn/currency-conversion-service/app/wallet/dto.go:21.67,23.2 1 1
github.com/eneskzlcn/currency-conversion-service/app/wallet/dto.go:25.80,27.2 1 1
github.com/eneskzlcn/currency-conversion-service/app/wallet/dto.go:29.82,31.2 1 1
github.com/eneskzlcn/currency-conversion-service/app/wallet/dto.go:34.105,38.2 1 1
github.com/eneskzlcn/currency-conversion-service/app/wallet/dto.go:40.120,48.2 1 1
github.com/eneskzlcn/currency-conversion-service/app/auth/guard.go:21.66,23.2 1 1
github.com/eneskzlcn/currency-conversion-service/app/auth/guard.go:24.69,25.36 1 1
github.com/eneskzlcn/currency-conversion-service/app/auth/guard.go:25.36,28.14 3 1
github.com/eneskzlcn/currency-conversion-service/app/auth/guard.go:31.3,31.71 1 1
github.com/eneskzlcn/currency-conversion-service/app/auth/guard.go:34.3,36.22 3 1
github.com/eneskzlcn/currency-conversion-service/app/auth/guard.go:28.14,30.4 1 0
github.com/eneskzlcn/currency-conversion-service/app/auth/guard.go:31.71,33.4 1 1
github.com/eneskzlcn/currency-conversion-service/app/auth/http_handler.go:14.78,16.2 1 1
github.com/eneskzlcn/currency-conversion-service/app/auth/http_handler.go:30.51,33.49 3 1
github.com/eneskzlcn/currency-conversion-service/app/auth/http_handler.go:36.2,37.16 2 1
github.com/eneskzlcn/currency-conversion-service/app/auth/http_handler.go:41.2,43.60 2 1
github.com/eneskzlcn/currency-conversion-service/app/auth/http_handler.go:33.49,35.3 1 1
github.com/eneskzlcn/currency-conversion-service/app/auth/http_handler.go:37.16,40.3 1 1
github.com/eneskzlcn/currency-conversion-service/app/auth/http_handler.go:46.54,49.2 2 1
github.com/eneskzlcn/currency-conversion-service/app/auth/postgres_repository.go:15.87,17.2 1 1
github.com/eneskzlcn/currency-conversion-service/app/auth/postgres_repository.go:18.134,25.16 5 1
github.com/eneskzlcn/currency-conversion-service/app/auth/postgres_repository.go:28.2,28.33 1 1
github.com/eneskzlcn/currency-conversion-service/app/auth/postgres_repository.go:31.2,31.18 1 1
github.com/eneskzlcn/currency-conversion-service/app/auth/postgres_repository.go:25.16,27.3 1 1
github.com/eneskzlcn/currency-conversion-service/app/auth/postgres_repository.go:28.33,30.3 1 0
github.com/eneskzlcn/currency-conversion-service/app/auth/service.go:22.95,23.23 1 1
github.com/eneskzlcn/currency-conversion-service/app/auth/service.go:26.2,26.73 1 1
github.com/eneskzlcn/currency-conversion-service/app/auth/service.go:23.23,25.3 1 0
github.com/eneskzlcn/currency-conversion-service/app/auth/service.go:29.98,31.16 2 1
github.com/eneskzlcn/currency-conversion-service/app/auth/service.go:35.2,51.8 6 1
github.com/eneskzlcn/currency-conversion-service/app/auth/service.go:31.16,33.3 1 1
github.com/eneskzlcn/currency-conversion-service/app/auth/service.go:53.78,57.47 1 1
github.com/eneskzlcn/currency-conversion-service/app/auth/service.go:61.2,61.16 1 1
github.com/eneskzlcn/currency-conversion-service/app/auth/service.go:64.2,65.9 2 1
github.com/eneskzlcn/currency-conversion-service/app/auth/service.go:68.2,68.50 1 1
github.com/eneskzlcn/currency-conversion-service/app/auth/service.go:71.2,71.12 1 1
github.com/eneskzlcn/currency-conversion-service/app/auth/service.go:57.47,59.4 1 1
github.com/eneskzlcn/currency-conversion-service/app/auth/service.go:61.16,63.3 1 1
github.com/eneskzlcn/currency-conversion-service/app/auth/service.go:65.9,67.3 1 0
github.com/eneskzlcn/currency-conversion-service/app/auth/service.go:68.50,70.3 1 0
github.com/eneskzlcn/currency-conversion-service/app/auth/service.go:74.75,78.47 1 1
github.com/eneskzlcn/currency-conversion-service/app/auth/service.go:82.2,82.16 1 1
github.com/eneskzlcn/currency-conversion-service/app/auth/service.go:85.2,85.48 1 1
github.com/eneskzlcn/currency-conversion-service/app/auth/service.go:89.2,89.16 1 0
github.com/eneskzlcn/currency-conversion-service/app/auth/service.go:78.47,80.4 1 1
github.com/eneskzlcn/currency-conversion-service/app/auth/service.go:82.16,84.3 1 1
github.com/eneskzlcn/currency-conversion-service/app/auth/service.go:85.48,87.3 1 1
